2025-08-30 13:47:12 [ERROR]: TypeError: Cannot read properties of undefined (reading 'setMovements')
    at NavigationHandler.setupPathfinder (/home/runner/workspace/bot/navigation.js:20:29)
    at new NavigationHandler (/home/runner/workspace/bot/navigation.js:9:14)
    at MinecraftBot.initializeHandlers (/home/runner/workspace/index.js:62:27)
    at MinecraftBot.connect (/home/runner/workspace/index.js:48:18)
    at MinecraftBot.start (/home/runner/workspace/index.js:28:24)
    at Object.<anonymous> (/home/runner/workspace/index.js:162:5)
    at Module._compile (node:internal/modules/cjs/loader:1529:14)
    at Module._extensions..js (node:internal/modules/cjs/loader:1613:10)
    at Module.load (node:internal/modules/cjs/loader:1275:32)
    at Module._load (node:internal/modules/cjs/loader:1096:12)
2025-08-30 13:47:17 [ERROR]: TypeError: Cannot read properties of undefined (reading 'setMovements')
    at NavigationHandler.setupPathfinder (/home/runner/workspace/bot/navigation.js:20:29)
    at new NavigationHandler (/home/runner/workspace/bot/navigation.js:9:14)
    at MinecraftBot.initializeHandlers (/home/runner/workspace/index.js:62:27)
    at MinecraftBot.connect (/home/runner/workspace/index.js:48:18)
    at Timeout._onTimeout (/home/runner/workspace/index.js:130:18)
    at listOnTimeout (node:internal/timers:581:17)
    at process.processTimers (node:internal/timers:519:7)
2025-08-30 13:47:27 [ERROR]: TypeError: Cannot read properties of undefined (reading 'setMovements')
    at NavigationHandler.setupPathfinder (/home/runner/workspace/bot/navigation.js:20:29)
    at new NavigationHandler (/home/runner/workspace/bot/navigation.js:9:14)
    at MinecraftBot.initializeHandlers (/home/runner/workspace/index.js:62:27)
    at MinecraftBot.connect (/home/runner/workspace/index.js:48:18)
    at Timeout._onTimeout (/home/runner/workspace/index.js:130:18)
    at listOnTimeout (node:internal/timers:581:17)
    at process.processTimers (node:internal/timers:519:7)
2025-08-30 13:47:34 [ERROR]: TypeError: Cannot read properties of undefined (reading 'setMovements')
    at NavigationHandler.setupPathfinder (/home/runner/workspace/bot/navigation.js:20:29)
    at new NavigationHandler (/home/runner/workspace/bot/navigation.js:9:14)
    at MinecraftBot.initializeHandlers (/home/runner/workspace/index.js:62:27)
    at MinecraftBot.connect (/home/runner/workspace/index.js:48:18)
    at MinecraftBot.start (/home/runner/workspace/index.js:28:24)
    at Object.<anonymous> (/home/runner/workspace/index.js:162:5)
    at Module._compile (node:internal/modules/cjs/loader:1529:14)
    at Module._extensions..js (node:internal/modules/cjs/loader:1613:10)
    at Module.load (node:internal/modules/cjs/loader:1275:32)
    at Module._load (node:internal/modules/cjs/loader:1096:12)
2025-08-30 13:47:39 [ERROR]: TypeError: Cannot read properties of undefined (reading 'setMovements')
    at NavigationHandler.setupPathfinder (/home/runner/workspace/bot/navigation.js:20:29)
    at new NavigationHandler (/home/runner/workspace/bot/navigation.js:9:14)
    at MinecraftBot.initializeHandlers (/home/runner/workspace/index.js:62:27)
    at MinecraftBot.connect (/home/runner/workspace/index.js:48:18)
    at Timeout._onTimeout (/home/runner/workspace/index.js:130:18)
    at listOnTimeout (node:internal/timers:581:17)
    at process.processTimers (node:internal/timers:519:7)
2025-08-30 13:47:42 [ERROR]: TypeError: Cannot read properties of undefined (reading 'setMovements')
    at NavigationHandler.setupPathfinder (/home/runner/workspace/bot/navigation.js:20:29)
    at new NavigationHandler (/home/runner/workspace/bot/navigation.js:9:14)
    at MinecraftBot.initializeHandlers (/home/runner/workspace/index.js:62:27)
    at MinecraftBot.connect (/home/runner/workspace/index.js:48:18)
    at Timeout._onTimeout (/home/runner/workspace/index.js:130:18)
    at listOnTimeout (node:internal/timers:581:17)
    at process.processTimers (node:internal/timers:519:7)
2025-08-30 13:47:49 [ERROR]: TypeError: Cannot read properties of undefined (reading 'setMovements')
    at NavigationHandler.setupPathfinder (/home/runner/workspace/bot/navigation.js:20:29)
    at new NavigationHandler (/home/runner/workspace/bot/navigation.js:9:14)
    at MinecraftBot.initializeHandlers (/home/runner/workspace/index.js:62:27)
    at MinecraftBot.connect (/home/runner/workspace/index.js:48:18)
    at Timeout._onTimeout (/home/runner/workspace/index.js:130:18)
    at listOnTimeout (node:internal/timers:581:17)
    at process.processTimers (node:internal/timers:519:7)
2025-08-30 13:48:02 [ERROR]: TypeError: Cannot read properties of undefined (reading 'setMovements')
    at NavigationHandler.setupPathfinder (/home/runner/workspace/bot/navigation.js:20:29)
    at new NavigationHandler (/home/runner/workspace/bot/navigation.js:9:14)
    at MinecraftBot.initializeHandlers (/home/runner/workspace/index.js:62:27)
    at MinecraftBot.connect (/home/runner/workspace/index.js:48:18)
    at Timeout._onTimeout (/home/runner/workspace/index.js:130:18)
    at listOnTimeout (node:internal/timers:581:17)
    at process.processTimers (node:internal/timers:519:7)
2025-08-30 13:48:04 [ERROR]: TypeError: Cannot read properties of undefined (reading 'setMovements')
    at NavigationHandler.setupPathfinder (/home/runner/workspace/bot/navigation.js:20:29)
    at new NavigationHandler (/home/runner/workspace/bot/navigation.js:9:14)
    at MinecraftBot.initializeHandlers (/home/runner/workspace/index.js:62:27)
    at MinecraftBot.connect (/home/runner/workspace/index.js:48:18)
    at Timeout._onTimeout (/home/runner/workspace/index.js:130:18)
    at listOnTimeout (node:internal/timers:581:17)
    at process.processTimers (node:internal/timers:519:7)
2025-08-30 13:48:24 [ERROR]: TypeError: Cannot read properties of undefined (reading 'setMovements')
    at NavigationHandler.setupPathfinder (/home/runner/workspace/bot/navigation.js:20:29)
    at new NavigationHandler (/home/runner/workspace/bot/navigation.js:9:14)
    at MinecraftBot.initializeHandlers (/home/runner/workspace/index.js:62:27)
    at MinecraftBot.connect (/home/runner/workspace/index.js:48:18)
    at Timeout._onTimeout (/home/runner/workspace/index.js:130:18)
    at listOnTimeout (node:internal/timers:581:17)
    at process.processTimers (node:internal/timers:519:7)
2025-08-30 13:48:27 [ERROR]: TypeError: Cannot read properties of undefined (reading 'setMovements')
    at NavigationHandler.setupPathfinder (/home/runner/workspace/bot/navigation.js:20:29)
    at new NavigationHandler (/home/runner/workspace/bot/navigation.js:9:14)
    at MinecraftBot.initializeHandlers (/home/runner/workspace/index.js:62:27)
    at MinecraftBot.connect (/home/runner/workspace/index.js:48:18)
    at Timeout._onTimeout (/home/runner/workspace/index.js:130:18)
    at listOnTimeout (node:internal/timers:581:17)
    at process.processTimers (node:internal/timers:519:7)
2025-08-30 13:48:41 [ERROR]: AssertionError [ERR_ASSERTION]: plugin needs to be a function
    at EventEmitter.loadPlugin (/home/runner/workspace/node_modules/mineflayer/lib/plugin_loader.js:16:12)
    at TaskHandler.setupCollectBlock (/home/runner/workspace/bot/tasks.js:16:18)
    at new TaskHandler (/home/runner/workspace/bot/tasks.js:12:14)
    at MinecraftBot.initializeHandlers (/home/runner/workspace/index.js:64:22)
    at MinecraftBot.connect (/home/runner/workspace/index.js:48:18)
    at MinecraftBot.start (/home/runner/workspace/index.js:28:24)
    at Object.<anonymous> (/home/runner/workspace/index.js:162:5)
    at Module._compile (node:internal/modules/cjs/loader:1529:14)
    at Module._extensions..js (node:internal/modules/cjs/loader:1613:10)
    at Module.load (node:internal/modules/cjs/loader:1275:32)
2025-08-30 13:48:46 [ERROR]: AssertionError [ERR_ASSERTION]: plugin needs to be a function
    at EventEmitter.loadPlugin (/home/runner/workspace/node_modules/mineflayer/lib/plugin_loader.js:16:12)
    at TaskHandler.setupCollectBlock (/home/runner/workspace/bot/tasks.js:16:18)
    at new TaskHandler (/home/runner/workspace/bot/tasks.js:12:14)
    at MinecraftBot.initializeHandlers (/home/runner/workspace/index.js:64:22)
    at MinecraftBot.connect (/home/runner/workspace/index.js:48:18)
    at Timeout._onTimeout (/home/runner/workspace/index.js:130:18)
    at listOnTimeout (node:internal/timers:581:17)
    at process.processTimers (node:internal/timers:519:7)
2025-08-30 13:48:49 [ERROR]: TypeError: Cannot read properties of undefined (reading 'setMovements')
    at NavigationHandler.setupPathfinder (/home/runner/workspace/bot/navigation.js:20:29)
    at new NavigationHandler (/home/runner/workspace/bot/navigation.js:9:14)
    at MinecraftBot.initializeHandlers (/home/runner/workspace/index.js:62:27)
    at MinecraftBot.connect (/home/runner/workspace/index.js:48:18)
    at Timeout._onTimeout (/home/runner/workspace/index.js:130:18)
    at listOnTimeout (node:internal/timers:581:17)
    at process.processTimers (node:internal/timers:519:7)
2025-08-30 13:48:56 [ERROR]: AssertionError [ERR_ASSERTION]: plugin needs to be a function
    at EventEmitter.loadPlugin (/home/runner/workspace/node_modules/mineflayer/lib/plugin_loader.js:16:12)
    at TaskHandler.setupCollectBlock (/home/runner/workspace/bot/tasks.js:16:18)
    at new TaskHandler (/home/runner/workspace/bot/tasks.js:12:14)
    at MinecraftBot.initializeHandlers (/home/runner/workspace/index.js:64:22)
    at MinecraftBot.connect (/home/runner/workspace/index.js:48:18)
    at Timeout._onTimeout (/home/runner/workspace/index.js:130:18)
    at listOnTimeout (node:internal/timers:581:17)
    at process.processTimers (node:internal/timers:519:7)
2025-08-30 13:49:02 [ERROR]: AssertionError [ERR_ASSERTION]: plugin needs to be a function
    at EventEmitter.loadPlugin (/home/runner/workspace/node_modules/mineflayer/lib/plugin_loader.js:16:12)
    at TaskHandler.setupCollectBlock (/home/runner/workspace/bot/tasks.js:16:18)
    at new TaskHandler (/home/runner/workspace/bot/tasks.js:12:14)
    at MinecraftBot.initializeHandlers (/home/runner/workspace/index.js:64:22)
    at MinecraftBot.connect (/home/runner/workspace/index.js:48:18)
    at MinecraftBot.start (/home/runner/workspace/index.js:28:24)
    at Object.<anonymous> (/home/runner/workspace/index.js:162:5)
    at Module._compile (node:internal/modules/cjs/loader:1529:14)
    at Module._extensions..js (node:internal/modules/cjs/loader:1613:10)
    at Module.load (node:internal/modules/cjs/loader:1275:32)
2025-08-30 13:49:07 [ERROR]: AssertionError [ERR_ASSERTION]: plugin needs to be a function
    at EventEmitter.loadPlugin (/home/runner/workspace/node_modules/mineflayer/lib/plugin_loader.js:16:12)
    at TaskHandler.setupCollectBlock (/home/runner/workspace/bot/tasks.js:16:18)
    at new TaskHandler (/home/runner/workspace/bot/tasks.js:12:14)
    at MinecraftBot.initializeHandlers (/home/runner/workspace/index.js:64:22)
    at MinecraftBot.connect (/home/runner/workspace/index.js:48:18)
    at Timeout._onTimeout (/home/runner/workspace/index.js:130:18)
    at listOnTimeout (node:internal/timers:581:17)
    at process.processTimers (node:internal/timers:519:7)
2025-08-30 13:49:17 [ERROR]: AssertionError [ERR_ASSERTION]: plugin needs to be a function
    at EventEmitter.loadPlugin (/home/runner/workspace/node_modules/mineflayer/lib/plugin_loader.js:16:12)
    at TaskHandler.setupCollectBlock (/home/runner/workspace/bot/tasks.js:16:18)
    at new TaskHandler (/home/runner/workspace/bot/tasks.js:12:14)
    at MinecraftBot.initializeHandlers (/home/runner/workspace/index.js:64:22)
    at MinecraftBot.connect (/home/runner/workspace/index.js:48:18)
    at Timeout._onTimeout (/home/runner/workspace/index.js:130:18)
    at listOnTimeout (node:internal/timers:581:17)
    at process.processTimers (node:internal/timers:519:7)
2025-08-30 13:49:32 [ERROR]: AssertionError [ERR_ASSERTION]: plugin needs to be a function
    at EventEmitter.loadPlugin (/home/runner/workspace/node_modules/mineflayer/lib/plugin_loader.js:16:12)
    at TaskHandler.setupCollectBlock (/home/runner/workspace/bot/tasks.js:16:18)
    at new TaskHandler (/home/runner/workspace/bot/tasks.js:12:14)
    at MinecraftBot.initializeHandlers (/home/runner/workspace/index.js:64:22)
    at MinecraftBot.connect (/home/runner/workspace/index.js:48:18)
    at Timeout._onTimeout (/home/runner/workspace/index.js:130:18)
    at listOnTimeout (node:internal/timers:581:17)
    at process.processTimers (node:internal/timers:519:7)
2025-08-30 13:49:45 [ERROR]: Error: connect ECONNREFUSED 127.0.0.1:25565
    at TCPConnectWrap.afterConnect [as oncomplete] (node:net:1611:16)
2025-08-30 13:49:50 [ERROR]: Error: connect ECONNREFUSED 127.0.0.1:25565
    at TCPConnectWrap.afterConnect [as oncomplete] (node:net:1611:16)
2025-08-30 13:49:55 [ERROR]: Error: connect ECONNREFUSED 127.0.0.1:25565
    at TCPConnectWrap.afterConnect [as oncomplete] (node:net:1611:16)
2025-08-30 13:51:08 [ERROR]: Error: Server version '1.21.5' is not supported. Latest supported version is '1.21.4'.
    at next (/home/runner/workspace/node_modules/mineflayer/lib/loader.js:118:13)
    at Object.createBot (/home/runner/workspace/node_modules/mineflayer/lib/loader.js:109:34)
    at MinecraftBot.connect (/home/runner/workspace/index.js:38:35)
    at MinecraftBot.start (/home/runner/workspace/index.js:28:24)
    at Object.<anonymous> (/home/runner/workspace/index.js:162:5)
    at Module._compile (node:internal/modules/cjs/loader:1529:14)
    at Module._extensions..js (node:internal/modules/cjs/loader:1613:10)
    at Module.load (node:internal/modules/cjs/loader:1275:32)
    at Module._load (node:internal/modules/cjs/loader:1096:12)
    at Function.executeUserEntryPoint [as runMain] (node:internal/modules/run_main:164:12)
2025-08-30 13:51:13 [ERROR]: Error: Server version '1.21.5' is not supported. Latest supported version is '1.21.4'.
    at next (/home/runner/workspace/node_modules/mineflayer/lib/loader.js:118:13)
    at Object.createBot (/home/runner/workspace/node_modules/mineflayer/lib/loader.js:109:34)
    at MinecraftBot.connect (/home/runner/workspace/index.js:38:35)
    at Timeout._onTimeout (/home/runner/workspace/index.js:130:18)
    at listOnTimeout (node:internal/timers:581:17)
    at process.processTimers (node:internal/timers:519:7)
2025-08-30 13:51:23 [ERROR]: Error: Server version '1.21.5' is not supported. Latest supported version is '1.21.4'.
    at next (/home/runner/workspace/node_modules/mineflayer/lib/loader.js:118:13)
    at Object.createBot (/home/runner/workspace/node_modules/mineflayer/lib/loader.js:109:34)
    at MinecraftBot.connect (/home/runner/workspace/index.js:38:35)
    at Timeout._onTimeout (/home/runner/workspace/index.js:130:18)
    at listOnTimeout (node:internal/timers:581:17)
    at process.processTimers (node:internal/timers:519:7)
2025-08-30 13:51:34 [ERROR]: Error: connect ECONNREFUSED 127.0.0.1:25565
    at TCPConnectWrap.afterConnect [as oncomplete] (node:net:1611:16)
2025-08-30 13:51:39 [ERROR]: Error: connect ECONNREFUSED 127.0.0.1:25565
    at TCPConnectWrap.afterConnect [as oncomplete] (node:net:1611:16)
2025-08-30 13:51:44 [ERROR]: Error: connect ECONNREFUSED 127.0.0.1:25565
    at TCPConnectWrap.afterConnect [as oncomplete] (node:net:1611:16)
2025-08-30 13:52:54 [ERROR]: Error: read ECONNRESET
    at TCP.onStreamRead (node:internal/stream_base_commons:218:20)
2025-08-30 13:53:00 [ERROR]: Error: This server is version 1.21.5, you are using version 1.21.4, please specify the correct version in the options.
    at Client.<anonymous> (/home/runner/workspace/node_modules/minecraft-protocol/src/client/versionChecking.js:27:26)
    at Client.emit (node:events:536:35)
    at emitPacket (/home/runner/workspace/node_modules/minecraft-protocol/src/client.js:84:12)
    at FullPacketParser.<anonymous> (/home/runner/workspace/node_modules/minecraft-protocol/src/client.js:113:9)
    at FullPacketParser.emit (node:events:524:28)
    at addChunk (/home/runner/workspace/node_modules/readable-stream/lib/internal/streams/readable.js:323:12)
    at readableAddChunk (/home/runner/workspace/node_modules/readable-stream/lib/internal/streams/readable.js:300:9)
    at Readable.push (/home/runner/workspace/node_modules/readable-stream/lib/internal/streams/readable.js:246:10)
    at FullPacketParser._transform (/home/runner/workspace/node_modules/protodef/src/serializer.js:89:10)
    at Transform._write (/home/runner/workspace/node_modules/readable-stream/lib/internal/streams/transform.js:153:8)
2025-08-30 13:53:05 [ERROR]: Error: This server is version 1.21.5, you are using version 1.21.4, please specify the correct version in the options.
    at Client.<anonymous> (/home/runner/workspace/node_modules/minecraft-protocol/src/client/versionChecking.js:27:26)
    at Client.emit (node:events:536:35)
    at emitPacket (/home/runner/workspace/node_modules/minecraft-protocol/src/client.js:84:12)
    at FullPacketParser.<anonymous> (/home/runner/workspace/node_modules/minecraft-protocol/src/client.js:113:9)
    at FullPacketParser.emit (node:events:524:28)
    at addChunk (/home/runner/workspace/node_modules/readable-stream/lib/internal/streams/readable.js:323:12)
    at readableAddChunk (/home/runner/workspace/node_modules/readable-stream/lib/internal/streams/readable.js:300:9)
    at Readable.push (/home/runner/workspace/node_modules/readable-stream/lib/internal/streams/readable.js:246:10)
    at FullPacketParser._transform (/home/runner/workspace/node_modules/protodef/src/serializer.js:89:10)
    at Transform._write (/home/runner/workspace/node_modules/readable-stream/lib/internal/streams/transform.js:153:8)
2025-08-30 13:53:22 [ERROR]: Error: Server version '1.21.5' is not supported. Latest supported version is '1.21.4'.
    at Client.next (/home/runner/workspace/node_modules/mineflayer/lib/loader.js:118:13)
    at Object.onceWrapper (node:events:638:28)
    at Client.emit (node:events:536:35)
    at /home/runner/workspace/node_modules/minecraft-protocol/src/client/autoVersion.js:53:12
    at /home/runner/workspace/node_modules/minecraft-protocol/src/ping.js:13:7
    at process.processTicksAndRejections (node:internal/process/task_queues:95:5)
2025-08-30 13:53:27 [ERROR]: Error: Server version '1.21.5' is not supported. Latest supported version is '1.21.4'.
    at Client.next (/home/runner/workspace/node_modules/mineflayer/lib/loader.js:118:13)
    at Object.onceWrapper (node:events:638:28)
    at Client.emit (node:events:536:35)
    at /home/runner/workspace/node_modules/minecraft-protocol/src/client/autoVersion.js:53:12
    at /home/runner/workspace/node_modules/minecraft-protocol/src/ping.js:13:7
    at process.processTicksAndRejections (node:internal/process/task_queues:95:5)
2025-08-30 13:53:38 [ERROR]: Error: Server version '1.21.5' is not supported. Latest supported version is '1.21.4'.
    at Client.next (/home/runner/workspace/node_modules/mineflayer/lib/loader.js:118:13)
    at Object.onceWrapper (node:events:638:28)
    at Client.emit (node:events:536:35)
    at /home/runner/workspace/node_modules/minecraft-protocol/src/client/autoVersion.js:53:12
    at /home/runner/workspace/node_modules/minecraft-protocol/src/ping.js:13:7
    at process.processTicksAndRejections (node:internal/process/task_queues:95:5)
2025-08-30 13:53:54 [ERROR]: Error: Server version '1.21.5' is not supported. Latest supported version is '1.21.4'.
    at Client.next (/home/runner/workspace/node_modules/mineflayer/lib/loader.js:118:13)
    at Object.onceWrapper (node:events:638:28)
    at Client.emit (node:events:536:35)
    at /home/runner/workspace/node_modules/minecraft-protocol/src/client/autoVersion.js:53:12
    at /home/runner/workspace/node_modules/minecraft-protocol/src/ping.js:13:7
    at process.processTicksAndRejections (node:internal/process/task_queues:95:5)
2025-08-30 13:53:57 [ERROR]: Max reconnection attempts reached. Exiting...
2025-08-30 14:03:59 [ERROR]: Error: Consuming cancelled due to calling bot.consume() again
    at EventEmitter.consume (/home/runner/workspace/node_modules/mineflayer/lib/plugins/inventory.js:100:25)
    at /home/runner/workspace/bot/core.js:110:30
    at process.processTicksAndRejections (node:internal/process/task_queues:95:5)
2025-08-30 14:03:59 [ERROR]: Error: Consuming cancelled due to calling bot.consume() again
    at EventEmitter.consume (/home/runner/workspace/node_modules/mineflayer/lib/plugins/inventory.js:100:25)
    at /home/runner/workspace/bot/core.js:110:30
    at process.processTicksAndRejections (node:internal/process/task_queues:95:5)
2025-08-30 14:03:59 [ERROR]: Error: Consuming cancelled due to calling bot.consume() again
    at EventEmitter.consume (/home/runner/workspace/node_modules/mineflayer/lib/plugins/inventory.js:100:25)
    at /home/runner/workspace/bot/core.js:110:30
    at process.processTicksAndRejections (node:internal/process/task_queues:95:5)
2025-08-30 14:03:59 [ERROR]: Error: Consuming cancelled due to calling bot.consume() again
    at EventEmitter.consume (/home/runner/workspace/node_modules/mineflayer/lib/plugins/inventory.js:100:25)
    at /home/runner/workspace/bot/core.js:110:30
    at process.processTicksAndRejections (node:internal/process/task_queues:95:5)
2025-08-30 14:03:59 [ERROR]: Error: Consuming cancelled due to calling bot.consume() again
    at EventEmitter.consume (/home/runner/workspace/node_modules/mineflayer/lib/plugins/inventory.js:100:25)
    at /home/runner/workspace/bot/core.js:110:30
    at process.processTicksAndRejections (node:internal/process/task_queues:95:5)
2025-08-30 14:03:59 [ERROR]: Error: Consuming cancelled due to calling bot.consume() again
    at EventEmitter.consume (/home/runner/workspace/node_modules/mineflayer/lib/plugins/inventory.js:100:25)
    at /home/runner/workspace/bot/core.js:110:30
    at process.processTicksAndRejections (node:internal/process/task_queues:95:5)
2025-08-30 14:03:59 [ERROR]: Error: Consuming cancelled due to calling bot.consume() again
    at EventEmitter.consume (/home/runner/workspace/node_modules/mineflayer/lib/plugins/inventory.js:100:25)
    at /home/runner/workspace/bot/core.js:110:30
    at process.processTicksAndRejections (node:internal/process/task_queues:95:5)
2025-08-30 14:03:59 [ERROR]: Error: Consuming cancelled due to calling bot.consume() again
    at EventEmitter.consume (/home/runner/workspace/node_modules/mineflayer/lib/plugins/inventory.js:100:25)
    at /home/runner/workspace/bot/core.js:110:30
    at process.processTicksAndRejections (node:internal/process/task_queues:95:5)
2025-08-30 14:03:59 [ERROR]: Error: Consuming cancelled due to calling bot.consume() again
    at EventEmitter.consume (/home/runner/workspace/node_modules/mineflayer/lib/plugins/inventory.js:100:25)
    at /home/runner/workspace/bot/core.js:110:30
    at process.processTicksAndRejections (node:internal/process/task_queues:95:5)
2025-08-30 14:03:59 [ERROR]: Error: Consuming cancelled due to calling bot.consume() again
    at EventEmitter.consume (/home/runner/workspace/node_modules/mineflayer/lib/plugins/inventory.js:100:25)
    at /home/runner/workspace/bot/core.js:110:30
    at process.processTicksAndRejections (node:internal/process/task_queues:95:5)
2025-08-30 14:03:59 [ERROR]: Error: Consuming cancelled due to calling bot.consume() again
    at EventEmitter.consume (/home/runner/workspace/node_modules/mineflayer/lib/plugins/inventory.js:100:25)
    at /home/runner/workspace/bot/core.js:110:30
    at process.processTicksAndRejections (node:internal/process/task_queues:95:5)
2025-08-30 14:03:59 [ERROR]: Error: Consuming cancelled due to calling bot.consume() again
    at EventEmitter.consume (/home/runner/workspace/node_modules/mineflayer/lib/plugins/inventory.js:100:25)
    at /home/runner/workspace/bot/core.js:110:30
    at process.processTicksAndRejections (node:internal/process/task_queues:95:5)
2025-08-30 14:03:59 [ERROR]: Error: Consuming cancelled due to calling bot.consume() again
    at EventEmitter.consume (/home/runner/workspace/node_modules/mineflayer/lib/plugins/inventory.js:100:25)
    at /home/runner/workspace/bot/core.js:110:30
    at process.processTicksAndRejections (node:internal/process/task_queues:95:5)
2025-08-30 14:03:59 [ERROR]: Error: Consuming cancelled due to calling bot.consume() again
    at EventEmitter.consume (/home/runner/workspace/node_modules/mineflayer/lib/plugins/inventory.js:100:25)
    at /home/runner/workspace/bot/core.js:110:30
    at process.processTicksAndRejections (node:internal/process/task_queues:95:5)
2025-08-30 14:04:00 [ERROR]: Error: Consuming cancelled due to calling bot.consume() again
    at EventEmitter.consume (/home/runner/workspace/node_modules/mineflayer/lib/plugins/inventory.js:100:25)
    at /home/runner/workspace/bot/core.js:110:30
    at process.processTicksAndRejections (node:internal/process/task_queues:95:5)
2025-08-30 14:04:00 [ERROR]: Error: Consuming cancelled due to calling bot.consume() again
    at EventEmitter.consume (/home/runner/workspace/node_modules/mineflayer/lib/plugins/inventory.js:100:25)
    at /home/runner/workspace/bot/core.js:110:30
    at process.processTicksAndRejections (node:internal/process/task_queues:95:5)
2025-08-30 14:04:00 [ERROR]: Error: Consuming cancelled due to calling bot.consume() again
    at EventEmitter.consume (/home/runner/workspace/node_modules/mineflayer/lib/plugins/inventory.js:100:25)
    at /home/runner/workspace/bot/core.js:110:30
    at process.processTicksAndRejections (node:internal/process/task_queues:95:5)
2025-08-30 14:04:00 [ERROR]: Error: Consuming cancelled due to calling bot.consume() again
    at EventEmitter.consume (/home/runner/workspace/node_modules/mineflayer/lib/plugins/inventory.js:100:25)
    at /home/runner/workspace/bot/core.js:110:30
    at process.processTicksAndRejections (node:internal/process/task_queues:95:5)
2025-08-30 14:04:00 [ERROR]: Error: Consuming cancelled due to calling bot.consume() again
    at EventEmitter.consume (/home/runner/workspace/node_modules/mineflayer/lib/plugins/inventory.js:100:25)
    at /home/runner/workspace/bot/core.js:110:30
    at process.processTicksAndRejections (node:internal/process/task_queues:95:5)
2025-08-30 14:04:00 [ERROR]: Error: Consuming cancelled due to calling bot.consume() again
    at EventEmitter.consume (/home/runner/workspace/node_modules/mineflayer/lib/plugins/inventory.js:100:25)
    at /home/runner/workspace/bot/core.js:110:30
    at process.processTicksAndRejections (node:internal/process/task_queues:95:5)
2025-08-30 14:04:00 [ERROR]: Error: Consuming cancelled due to calling bot.consume() again
    at EventEmitter.consume (/home/runner/workspace/node_modules/mineflayer/lib/plugins/inventory.js:100:25)
    at /home/runner/workspace/bot/core.js:110:30
    at process.processTicksAndRejections (node:internal/process/task_queues:95:5)
2025-08-30 14:04:00 [ERROR]: Error: Consuming cancelled due to calling bot.consume() again
    at EventEmitter.consume (/home/runner/workspace/node_modules/mineflayer/lib/plugins/inventory.js:100:25)
    at /home/runner/workspace/bot/core.js:110:30
    at process.processTicksAndRejections (node:internal/process/task_queues:95:5)
2025-08-30 14:04:00 [ERROR]: Error: Consuming cancelled due to calling bot.consume() again
    at EventEmitter.consume (/home/runner/workspace/node_modules/mineflayer/lib/plugins/inventory.js:100:25)
    at /home/runner/workspace/bot/core.js:110:30
    at process.processTicksAndRejections (node:internal/process/task_queues:95:5)
2025-08-30 14:04:00 [ERROR]: Error: Consuming cancelled due to calling bot.consume() again
    at EventEmitter.consume (/home/runner/workspace/node_modules/mineflayer/lib/plugins/inventory.js:100:25)
    at /home/runner/workspace/bot/core.js:110:30
    at process.processTicksAndRejections (node:internal/process/task_queues:95:5)
2025-08-30 14:04:00 [ERROR]: Error: Consuming cancelled due to calling bot.consume() again
    at EventEmitter.consume (/home/runner/workspace/node_modules/mineflayer/lib/plugins/inventory.js:100:25)
    at /home/runner/workspace/bot/core.js:110:30
    at process.processTicksAndRejections (node:internal/process/task_queues:95:5)
2025-08-30 14:04:00 [ERROR]: Error: Consuming cancelled due to calling bot.consume() again
    at EventEmitter.consume (/home/runner/workspace/node_modules/mineflayer/lib/plugins/inventory.js:100:25)
    at /home/runner/workspace/bot/core.js:110:30
    at process.processTicksAndRejections (node:internal/process/task_queues:95:5)
2025-08-30 14:04:00 [ERROR]: Error: Consuming cancelled due to calling bot.consume() again
    at EventEmitter.consume (/home/runner/workspace/node_modules/mineflayer/lib/plugins/inventory.js:100:25)
    at /home/runner/workspace/bot/core.js:110:30
    at process.processTicksAndRejections (node:internal/process/task_queues:95:5)
2025-08-30 14:04:00 [ERROR]: Error: Consuming cancelled due to calling bot.consume() again
    at EventEmitter.consume (/home/runner/workspace/node_modules/mineflayer/lib/plugins/inventory.js:100:25)
    at /home/runner/workspace/bot/core.js:110:30
    at process.processTicksAndRejections (node:internal/process/task_queues:95:5)
2025-08-30 14:04:00 [ERROR]: Error: Consuming cancelled due to calling bot.consume() again
    at EventEmitter.consume (/home/runner/workspace/node_modules/mineflayer/lib/plugins/inventory.js:100:25)
    at /home/runner/workspace/bot/core.js:110:30
    at process.processTicksAndRejections (node:internal/process/task_queues:95:5)
2025-08-30 14:04:00 [ERROR]: Error: Consuming cancelled due to calling bot.consume() again
    at EventEmitter.consume (/home/runner/workspace/node_modules/mineflayer/lib/plugins/inventory.js:100:25)
    at /home/runner/workspace/bot/core.js:110:30
    at process.processTicksAndRejections (node:internal/process/task_queues:95:5)
2025-08-30 14:04:00 [ERROR]: Error: Consuming cancelled due to calling bot.consume() again
    at EventEmitter.consume (/home/runner/workspace/node_modules/mineflayer/lib/plugins/inventory.js:100:25)
    at /home/runner/workspace/bot/core.js:110:30
    at process.processTicksAndRejections (node:internal/process/task_queues:95:5)
2025-08-30 14:04:00 [ERROR]: Error: Consuming cancelled due to calling bot.consume() again
    at EventEmitter.consume (/home/runner/workspace/node_modules/mineflayer/lib/plugins/inventory.js:100:25)
    at /home/runner/workspace/bot/core.js:110:30
    at process.processTicksAndRejections (node:internal/process/task_queues:95:5)
2025-08-30 14:04:00 [ERROR]: Error: Consuming cancelled due to calling bot.consume() again
    at EventEmitter.consume (/home/runner/workspace/node_modules/mineflayer/lib/plugins/inventory.js:100:25)
    at /home/runner/workspace/bot/core.js:110:30
    at process.processTicksAndRejections (node:internal/process/task_queues:95:5)
2025-08-30 14:04:00 [ERROR]: Error: Consuming cancelled due to calling bot.consume() again
    at EventEmitter.consume (/home/runner/workspace/node_modules/mineflayer/lib/plugins/inventory.js:100:25)
    at /home/runner/workspace/bot/core.js:110:30
    at process.processTicksAndRejections (node:internal/process/task_queues:95:5)
2025-08-30 14:04:03 [ERROR]: Error: Promise timed out.
    at /home/runner/workspace/node_modules/mineflayer/lib/promise_utils.js:83:13
    at async EventEmitter.consume (/home/runner/workspace/node_modules/mineflayer/lib/plugins/inventory.js:111:5)
2025-08-30 14:11:36 [ERROR]: TypeError: Cannot read properties of undefined (reading 'bind')
    at CommandHandler.setupCommands (/home/runner/workspace/commands/index.js:35:43)
    at new CommandHandler (/home/runner/workspace/commands/index.js:15:14)
    at MinecraftBot.initializeHandlers (/home/runner/workspace/index.js:65:25)
    at MinecraftBot.connect (/home/runner/workspace/index.js:48:18)
    at MinecraftBot.start (/home/runner/workspace/index.js:28:24)
    at Object.<anonymous> (/home/runner/workspace/index.js:163:5)
    at Module._compile (node:internal/modules/cjs/loader:1529:14)
    at Module._extensions..js (node:internal/modules/cjs/loader:1613:10)
    at Module.load (node:internal/modules/cjs/loader:1275:32)
    at Module._load (node:internal/modules/cjs/loader:1096:12)
2025-08-30 14:11:41 [ERROR]: TypeError: Cannot read properties of undefined (reading 'bind')
    at CommandHandler.setupCommands (/home/runner/workspace/commands/index.js:35:43)
    at new CommandHandler (/home/runner/workspace/commands/index.js:15:14)
    at MinecraftBot.initializeHandlers (/home/runner/workspace/index.js:65:25)
    at MinecraftBot.connect (/home/runner/workspace/index.js:48:18)
    at Timeout._onTimeout (/home/runner/workspace/index.js:131:18)
    at listOnTimeout (node:internal/timers:581:17)
    at process.processTimers (node:internal/timers:519:7)
2025-08-30 14:11:51 [ERROR]: TypeError: Cannot read properties of undefined (reading 'bind')
    at CommandHandler.setupCommands (/home/runner/workspace/commands/index.js:35:43)
    at new CommandHandler (/home/runner/workspace/commands/index.js:15:14)
    at MinecraftBot.initializeHandlers (/home/runner/workspace/index.js:65:25)
    at MinecraftBot.connect (/home/runner/workspace/index.js:48:18)
    at Timeout._onTimeout (/home/runner/workspace/index.js:131:18)
    at listOnTimeout (node:internal/timers:581:17)
    at process.processTimers (node:internal/timers:519:7)
2025-08-30 14:12:48 [ERROR]: TypeError: Cannot read properties of undefined (reading 'bind')
    at CommandHandler.setupCommands (/home/runner/workspace/commands/index.js:35:43)
    at new CommandHandler (/home/runner/workspace/commands/index.js:15:14)
    at MinecraftBot.initializeHandlers (/home/runner/workspace/index.js:65:25)
    at MinecraftBot.connect (/home/runner/workspace/index.js:48:18)
    at MinecraftBot.start (/home/runner/workspace/index.js:28:24)
    at Object.<anonymous> (/home/runner/workspace/index.js:163:5)
    at Module._compile (node:internal/modules/cjs/loader:1529:14)
    at Module._extensions..js (node:internal/modules/cjs/loader:1613:10)
    at Module.load (node:internal/modules/cjs/loader:1275:32)
    at Module._load (node:internal/modules/cjs/loader:1096:12)
2025-08-30 14:12:53 [ERROR]: TypeError: Cannot read properties of undefined (reading 'bind')
    at CommandHandler.setupCommands (/home/runner/workspace/commands/index.js:35:43)
    at new CommandHandler (/home/runner/workspace/commands/index.js:15:14)
    at MinecraftBot.initializeHandlers (/home/runner/workspace/index.js:65:25)
    at MinecraftBot.connect (/home/runner/workspace/index.js:48:18)
    at Timeout._onTimeout (/home/runner/workspace/index.js:131:18)
    at listOnTimeout (node:internal/timers:581:17)
    at process.processTimers (node:internal/timers:519:7)
2025-08-30 14:13:03 [ERROR]: TypeError: Cannot read properties of undefined (reading 'bind')
    at CommandHandler.setupCommands (/home/runner/workspace/commands/index.js:35:43)
    at new CommandHandler (/home/runner/workspace/commands/index.js:15:14)
    at MinecraftBot.initializeHandlers (/home/runner/workspace/index.js:65:25)
    at MinecraftBot.connect (/home/runner/workspace/index.js:48:18)
    at Timeout._onTimeout (/home/runner/workspace/index.js:131:18)
    at listOnTimeout (node:internal/timers:581:17)
    at process.processTimers (node:internal/timers:519:7)
2025-08-30 14:13:18 [ERROR]: TypeError: Cannot read properties of undefined (reading 'bind')
    at CommandHandler.setupCommands (/home/runner/workspace/commands/index.js:35:43)
    at new CommandHandler (/home/runner/workspace/commands/index.js:15:14)
    at MinecraftBot.initializeHandlers (/home/runner/workspace/index.js:65:25)
    at MinecraftBot.connect (/home/runner/workspace/index.js:48:18)
    at Timeout._onTimeout (/home/runner/workspace/index.js:131:18)
    at listOnTimeout (node:internal/timers:581:17)
    at process.processTimers (node:internal/timers:519:7)
2025-08-30 14:13:43 [ERROR]: TypeError: Cannot read properties of undefined (reading 'bind')
    at CommandHandler.setupCommands (/home/runner/workspace/commands/index.js:35:43)
    at new CommandHandler (/home/runner/workspace/commands/index.js:15:14)
    at MinecraftBot.initializeHandlers (/home/runner/workspace/index.js:65:25)
    at MinecraftBot.connect (/home/runner/workspace/index.js:48:18)
    at MinecraftBot.start (/home/runner/workspace/index.js:28:24)
    at Object.<anonymous> (/home/runner/workspace/index.js:163:5)
    at Module._compile (node:internal/modules/cjs/loader:1529:14)
    at Module._extensions..js (node:internal/modules/cjs/loader:1613:10)
    at Module.load (node:internal/modules/cjs/loader:1275:32)
    at Module._load (node:internal/modules/cjs/loader:1096:12)
2025-08-30 14:13:48 [ERROR]: TypeError: Cannot read properties of undefined (reading 'bind')
    at CommandHandler.setupCommands (/home/runner/workspace/commands/index.js:35:43)
    at new CommandHandler (/home/runner/workspace/commands/index.js:15:14)
    at MinecraftBot.initializeHandlers (/home/runner/workspace/index.js:65:25)
    at MinecraftBot.connect (/home/runner/workspace/index.js:48:18)
    at Timeout._onTimeout (/home/runner/workspace/index.js:131:18)
    at listOnTimeout (node:internal/timers:581:17)
    at process.processTimers (node:internal/timers:519:7)
2025-08-30 14:13:58 [ERROR]: TypeError: Cannot read properties of undefined (reading 'bind')
    at CommandHandler.setupCommands (/home/runner/workspace/commands/index.js:35:43)
    at new CommandHandler (/home/runner/workspace/commands/index.js:15:14)
    at MinecraftBot.initializeHandlers (/home/runner/workspace/index.js:65:25)
    at MinecraftBot.connect (/home/runner/workspace/index.js:48:18)
    at Timeout._onTimeout (/home/runner/workspace/index.js:131:18)
    at listOnTimeout (node:internal/timers:581:17)
    at process.processTimers (node:internal/timers:519:7)
2025-08-30 14:17:06 [ERROR]: Error: read ECONNRESET
    at TCP.onStreamRead (node:internal/stream_base_commons:218:20)
2025-08-30 14:28:07 [ERROR]: Error: Player itskeer not found or not visible
    at NavigationHandler.teleportToPlayer (/home/runner/workspace/bot/navigation.js:229:23)
    at CommandHandler.tpCommand (/home/runner/workspace/commands/index.js:369:35)
    at CommandHandler.handleCommand (/home/runner/workspace/commands/index.js:76:19)
    at EventEmitter.<anonymous> (/home/runner/workspace/commands/index.js:47:22)
    at EventEmitter.emit (node:events:536:35)
    at EventEmitter.<anonymous> (/home/runner/workspace/node_modules/mineflayer/lib/plugins/chat.js:85:13)
    at EventEmitter.emit (node:events:524:28)
    at Client.<anonymous> (/home/runner/workspace/node_modules/mineflayer/lib/plugins/chat.js:131:9)
    at Client.emit (node:events:524:28)
    at Client.<anonymous> (/home/runner/workspace/node_modules/minecraft-protocol/src/client/chat.js:201:14)
2025-08-30 14:28:18 [ERROR]: Error: Player yasine12h1 not found or not visible
    at NavigationHandler.teleportToPlayer (/home/runner/workspace/bot/navigation.js:229:23)
    at CommandHandler.tpCommand (/home/runner/workspace/commands/index.js:369:35)
    at CommandHandler.handleCommand (/home/runner/workspace/commands/index.js:76:19)
    at EventEmitter.<anonymous> (/home/runner/workspace/commands/index.js:47:22)
    at EventEmitter.emit (node:events:536:35)
    at EventEmitter.<anonymous> (/home/runner/workspace/node_modules/mineflayer/lib/plugins/chat.js:85:13)
    at EventEmitter.emit (node:events:524:28)
    at Client.<anonymous> (/home/runner/workspace/node_modules/mineflayer/lib/plugins/chat.js:131:9)
    at Client.emit (node:events:524:28)
    at Client.<anonymous> (/home/runner/workspace/node_modules/minecraft-protocol/src/client/chat.js:201:14)
2025-08-30 14:28:31 [ERROR]: Max reconnection attempts reached. Exiting...
2025-08-30 14:30:09 [ERROR]: Max reconnection attempts reached. Exiting...
2025-08-30 14:31:40 [ERROR]: Max reconnection attempts reached. Exiting...
2025-08-30 14:32:12 [ERROR]: TypeError: Cannot read properties of undefined (reading 'bind')
    at CommandHandler.setupCommands (/home/runner/workspace/commands/index.js:39:41)
    at new CommandHandler (/home/runner/workspace/commands/index.js:15:14)
    at MinecraftBot.initializeHandlers (/home/runner/workspace/index.js:65:25)
    at MinecraftBot.connect (/home/runner/workspace/index.js:48:18)
    at MinecraftBot.start (/home/runner/workspace/index.js:28:24)
    at Object.<anonymous> (/home/runner/workspace/index.js:163:5)
    at Module._compile (node:internal/modules/cjs/loader:1529:14)
    at Module._extensions..js (node:internal/modules/cjs/loader:1613:10)
    at Module.load (node:internal/modules/cjs/loader:1275:32)
    at Module._load (node:internal/modules/cjs/loader:1096:12)
2025-08-30 14:32:17 [ERROR]: TypeError: Cannot read properties of undefined (reading 'bind')
    at CommandHandler.setupCommands (/home/runner/workspace/commands/index.js:39:41)
    at new CommandHandler (/home/runner/workspace/commands/index.js:15:14)
    at MinecraftBot.initializeHandlers (/home/runner/workspace/index.js:65:25)
    at MinecraftBot.connect (/home/runner/workspace/index.js:48:18)
    at Timeout._onTimeout (/home/runner/workspace/index.js:131:18)
    at listOnTimeout (node:internal/timers:581:17)
    at process.processTimers (node:internal/timers:519:7)
2025-08-30 14:32:37 [ERROR]: Max reconnection attempts reached. Exiting...
2025-08-30 14:33:53 [ERROR]: Error: This server is version 1.21.5, you are using version 1.20.1, please specify the correct version in the options.
    at Client.<anonymous> (/home/runner/workspace/node_modules/minecraft-protocol/src/client/versionChecking.js:27:26)
    at Client.emit (node:events:536:35)
    at emitPacket (/home/runner/workspace/node_modules/minecraft-protocol/src/client.js:85:12)
    at FullPacketParser.<anonymous> (/home/runner/workspace/node_modules/minecraft-protocol/src/client.js:114:9)
    at FullPacketParser.emit (node:events:524:28)
    at addChunk (/home/runner/workspace/node_modules/readable-stream/lib/internal/streams/readable.js:323:12)
    at readableAddChunk (/home/runner/workspace/node_modules/readable-stream/lib/internal/streams/readable.js:300:9)
    at Readable.push (/home/runner/workspace/node_modules/readable-stream/lib/internal/streams/readable.js:246:10)
    at FullPacketParser._transform (/home/runner/workspace/node_modules/protodef/src/serializer.js:89:10)
    at Transform._write (/home/runner/workspace/node_modules/readable-stream/lib/internal/streams/transform.js:153:8)
2025-08-30 14:34:08 [ERROR]: Error: This server is version 1.21.5, you are using version 1.20.1, please specify the correct version in the options.
    at Client.<anonymous> (/home/runner/workspace/node_modules/minecraft-protocol/src/client/versionChecking.js:27:26)
    at Client.emit (node:events:536:35)
    at emitPacket (/home/runner/workspace/node_modules/minecraft-protocol/src/client.js:85:12)
    at FullPacketParser.<anonymous> (/home/runner/workspace/node_modules/minecraft-protocol/src/client.js:114:9)
    at FullPacketParser.emit (node:events:524:28)
    at addChunk (/home/runner/workspace/node_modules/readable-stream/lib/internal/streams/readable.js:323:12)
    at readableAddChunk (/home/runner/workspace/node_modules/readable-stream/lib/internal/streams/readable.js:300:9)
    at Readable.push (/home/runner/workspace/node_modules/readable-stream/lib/internal/streams/readable.js:246:10)
    at FullPacketParser._transform (/home/runner/workspace/node_modules/protodef/src/serializer.js:89:10)
    at Transform._write (/home/runner/workspace/node_modules/readable-stream/lib/internal/streams/transform.js:153:8)
2025-08-30 14:34:23 [ERROR]: Error: read ECONNRESET
    at TCP.onStreamRead (node:internal/stream_base_commons:218:20)
2025-08-30 14:34:40 [ERROR]: Error: This server is version 1.21.5, you are using version 1.20.1, please specify the correct version in the options.
    at Client.<anonymous> (/home/runner/workspace/node_modules/minecraft-protocol/src/client/versionChecking.js:27:26)
    at Client.emit (node:events:536:35)
    at emitPacket (/home/runner/workspace/node_modules/minecraft-protocol/src/client.js:85:12)
    at FullPacketParser.<anonymous> (/home/runner/workspace/node_modules/minecraft-protocol/src/client.js:114:9)
    at FullPacketParser.emit (node:events:524:28)
    at addChunk (/home/runner/workspace/node_modules/readable-stream/lib/internal/streams/readable.js:323:12)
    at readableAddChunk (/home/runner/workspace/node_modules/readable-stream/lib/internal/streams/readable.js:300:9)
    at Readable.push (/home/runner/workspace/node_modules/readable-stream/lib/internal/streams/readable.js:246:10)
    at FullPacketParser._transform (/home/runner/workspace/node_modules/protodef/src/serializer.js:89:10)
    at Transform._write (/home/runner/workspace/node_modules/readable-stream/lib/internal/streams/transform.js:153:8)
2025-08-30 14:35:07 [ERROR]: Error: Player yasine12h1 not found or not visible
    at NavigationHandler.teleportToPlayer (/home/runner/workspace/bot/navigation.js:235:23)
    at CommandHandler.tpCommand (/home/runner/workspace/commands/index.js:387:35)
    at CommandHandler.handleCommand (/home/runner/workspace/commands/index.js:79:19)
    at EventEmitter.<anonymous> (/home/runner/workspace/commands/index.js:50:22)
    at EventEmitter.emit (node:events:536:35)
    at EventEmitter.<anonymous> (/home/runner/workspace/node_modules/mineflayer/lib/plugins/chat.js:85:13)
    at EventEmitter.emit (node:events:524:28)
    at Client.<anonymous> (/home/runner/workspace/node_modules/mineflayer/lib/plugins/chat.js:131:9)
    at Client.emit (node:events:524:28)
    at Client.<anonymous> (/home/runner/workspace/node_modules/minecraft-protocol/src/client/chat.js:201:14)
2025-08-30 14:36:53 [ERROR]: TypeError: Cannot read properties of undefined (reading 'bind')
    at CommandHandler.setupCommands (/home/runner/workspace/commands/index.js:35:43)
    at new CommandHandler (/home/runner/workspace/commands/index.js:15:14)
    at MinecraftBot.initializeHandlers (/home/runner/workspace/index.js:65:25)
    at MinecraftBot.connect (/home/runner/workspace/index.js:48:18)
    at MinecraftBot.start (/home/runner/workspace/index.js:28:24)
    at Object.<anonymous> (/home/runner/workspace/index.js:163:5)
    at Module._compile (node:internal/modules/cjs/loader:1529:14)
    at Module._extensions..js (node:internal/modules/cjs/loader:1613:10)
    at Module.load (node:internal/modules/cjs/loader:1275:32)
    at Module._load (node:internal/modules/cjs/loader:1096:12)
2025-08-30 14:36:58 [ERROR]: TypeError: Cannot read properties of undefined (reading 'bind')
    at CommandHandler.setupCommands (/home/runner/workspace/commands/index.js:35:43)
    at new CommandHandler (/home/runner/workspace/commands/index.js:15:14)
    at MinecraftBot.initializeHandlers (/home/runner/workspace/index.js:65:25)
    at MinecraftBot.connect (/home/runner/workspace/index.js:48:18)
    at Timeout._onTimeout (/home/runner/workspace/index.js:131:18)
    at listOnTimeout (node:internal/timers:581:17)
    at process.processTimers (node:internal/timers:519:7)
2025-08-30 14:37:08 [ERROR]: TypeError: Cannot read properties of undefined (reading 'bind')
    at CommandHandler.setupCommands (/home/runner/workspace/commands/index.js:35:43)
    at new CommandHandler (/home/runner/workspace/commands/index.js:15:14)
    at MinecraftBot.initializeHandlers (/home/runner/workspace/index.js:65:25)
    at MinecraftBot.connect (/home/runner/workspace/index.js:48:18)
    at Timeout._onTimeout (/home/runner/workspace/index.js:131:18)
    at listOnTimeout (node:internal/timers:581:17)
    at process.processTimers (node:internal/timers:519:7)
2025-08-30 14:37:23 [ERROR]: TypeError: Cannot read properties of undefined (reading 'bind')
    at CommandHandler.setupCommands (/home/runner/workspace/commands/index.js:35:43)
    at new CommandHandler (/home/runner/workspace/commands/index.js:15:14)
    at MinecraftBot.initializeHandlers (/home/runner/workspace/index.js:65:25)
    at MinecraftBot.connect (/home/runner/workspace/index.js:48:18)
    at Timeout._onTimeout (/home/runner/workspace/index.js:131:18)
    at listOnTimeout (node:internal/timers:581:17)
    at process.processTimers (node:internal/timers:519:7)
2025-08-30 14:37:49 [ERROR]: TypeError: Cannot read properties of undefined (reading 'bind')
    at CommandHandler.setupCommands (/home/runner/workspace/commands/index.js:35:43)
    at new CommandHandler (/home/runner/workspace/commands/index.js:15:14)
    at MinecraftBot.initializeHandlers (/home/runner/workspace/index.js:65:25)
    at MinecraftBot.connect (/home/runner/workspace/index.js:48:18)
    at MinecraftBot.start (/home/runner/workspace/index.js:28:24)
    at Object.<anonymous> (/home/runner/workspace/index.js:163:5)
    at Module._compile (node:internal/modules/cjs/loader:1529:14)
    at Module._extensions..js (node:internal/modules/cjs/loader:1613:10)
    at Module.load (node:internal/modules/cjs/loader:1275:32)
    at Module._load (node:internal/modules/cjs/loader:1096:12)
2025-08-30 14:37:54 [ERROR]: TypeError: Cannot read properties of undefined (reading 'bind')
    at CommandHandler.setupCommands (/home/runner/workspace/commands/index.js:35:43)
    at new CommandHandler (/home/runner/workspace/commands/index.js:15:14)
    at MinecraftBot.initializeHandlers (/home/runner/workspace/index.js:65:25)
    at MinecraftBot.connect (/home/runner/workspace/index.js:48:18)
    at Timeout._onTimeout (/home/runner/workspace/index.js:131:18)
    at listOnTimeout (node:internal/timers:581:17)
    at process.processTimers (node:internal/timers:519:7)
2025-08-30 14:38:04 [ERROR]: TypeError: Cannot read properties of undefined (reading 'bind')
    at CommandHandler.setupCommands (/home/runner/workspace/commands/index.js:35:43)
    at new CommandHandler (/home/runner/workspace/commands/index.js:15:14)
    at MinecraftBot.initializeHandlers (/home/runner/workspace/index.js:65:25)
    at MinecraftBot.connect (/home/runner/workspace/index.js:48:18)
    at Timeout._onTimeout (/home/runner/workspace/index.js:131:18)
    at listOnTimeout (node:internal/timers:581:17)
    at process.processTimers (node:internal/timers:519:7)
2025-08-30 14:38:19 [ERROR]: TypeError: Cannot read properties of undefined (reading 'bind')
    at CommandHandler.setupCommands (/home/runner/workspace/commands/index.js:35:43)
    at new CommandHandler (/home/runner/workspace/commands/index.js:15:14)
    at MinecraftBot.initializeHandlers (/home/runner/workspace/index.js:65:25)
    at MinecraftBot.connect (/home/runner/workspace/index.js:48:18)
    at Timeout._onTimeout (/home/runner/workspace/index.js:131:18)
    at listOnTimeout (node:internal/timers:581:17)
    at process.processTimers (node:internal/timers:519:7)
2025-08-30 14:45:30 [ERROR]: Error: No weapons found in inventory
    at InventoryHandler.equipBestWeapon (/home/runner/workspace/bot/inventory.js:189:23)
    at TaskHandler.attackPlayer (/home/runner/workspace/bot/tasks.js:366:38)
    at CommandHandler.onevsoneCommand (/home/runner/workspace/commands/index.js:364:30)
    at CommandHandler.handleCommand (/home/runner/workspace/commands/index.js:75:19)
    at EventEmitter.<anonymous> (/home/runner/workspace/commands/index.js:46:22)
    at EventEmitter.emit (node:events:536:35)
    at EventEmitter.<anonymous> (/home/runner/workspace/node_modules/mineflayer/lib/plugins/chat.js:85:13)
    at EventEmitter.emit (node:events:524:28)
    at Client.<anonymous> (/home/runner/workspace/node_modules/mineflayer/lib/plugins/chat.js:131:9)
    at Client.emit (node:events:524:28)
2025-08-30 14:45:30 [ERROR]: TypeError: this.bot.pathfinder.once is not a function
    at isMoving (/home/runner/workspace/bot/navigation.js:91:37)
    at new Promise (<anonymous>)
    at NavigationHandler.goTo (/home/runner/workspace/bot/navigation.js:71:20)
    at TaskHandler.attackPlayer (/home/runner/workspace/bot/tasks.js:375:35)
    at process.processTicksAndRejections (node:internal/process/task_queues:95:5)
    at async CommandHandler.onevsoneCommand (/home/runner/workspace/commands/index.js:364:13)
    at async CommandHandler.handleCommand (/home/runner/workspace/commands/index.js:75:13)
2025-08-30 14:45:35 [ERROR]: Error: No weapons found in inventory
    at InventoryHandler.equipBestWeapon (/home/runner/workspace/bot/inventory.js:189:23)
    at TaskHandler.attackPlayer (/home/runner/workspace/bot/tasks.js:366:38)
    at CommandHandler.onevsoneCommand (/home/runner/workspace/commands/index.js:364:30)
    at CommandHandler.handleCommand (/home/runner/workspace/commands/index.js:75:19)
    at EventEmitter.<anonymous> (/home/runner/workspace/commands/index.js:46:22)
    at EventEmitter.emit (node:events:536:35)
    at EventEmitter.<anonymous> (/home/runner/workspace/node_modules/mineflayer/lib/plugins/chat.js:85:13)
    at EventEmitter.emit (node:events:524:28)
    at Client.<anonymous> (/home/runner/workspace/node_modules/mineflayer/lib/plugins/chat.js:131:9)
    at Client.emit (node:events:524:28)
2025-08-30 14:45:35 [ERROR]: TypeError: this.bot.pathfinder.once is not a function
    at isMoving (/home/runner/workspace/bot/navigation.js:91:37)
    at new Promise (<anonymous>)
    at NavigationHandler.goTo (/home/runner/workspace/bot/navigation.js:71:20)
    at TaskHandler.attackPlayer (/home/runner/workspace/bot/tasks.js:375:35)
    at process.processTicksAndRejections (node:internal/process/task_queues:95:5)
    at async CommandHandler.onevsoneCommand (/home/runner/workspace/commands/index.js:364:13)
    at async CommandHandler.handleCommand (/home/runner/workspace/commands/index.js:75:13)
2025-08-30 14:45:37 [ERROR]: Error: No weapons found in inventory
    at InventoryHandler.equipBestWeapon (/home/runner/workspace/bot/inventory.js:189:23)
    at TaskHandler.attackPlayer (/home/runner/workspace/bot/tasks.js:366:38)
    at CommandHandler.onevsoneCommand (/home/runner/workspace/commands/index.js:364:30)
    at CommandHandler.handleCommand (/home/runner/workspace/commands/index.js:75:19)
    at EventEmitter.<anonymous> (/home/runner/workspace/commands/index.js:46:22)
    at EventEmitter.emit (node:events:536:35)
    at EventEmitter.<anonymous> (/home/runner/workspace/node_modules/mineflayer/lib/plugins/chat.js:85:13)
    at EventEmitter.emit (node:events:524:28)
    at Client.<anonymous> (/home/runner/workspace/node_modules/mineflayer/lib/plugins/chat.js:131:9)
    at Client.emit (node:events:524:28)
2025-08-30 14:45:37 [ERROR]: TypeError: this.bot.pathfinder.once is not a function
    at isMoving (/home/runner/workspace/bot/navigation.js:91:37)
    at new Promise (<anonymous>)
    at NavigationHandler.goTo (/home/runner/workspace/bot/navigation.js:71:20)
    at TaskHandler.attackPlayer (/home/runner/workspace/bot/tasks.js:375:35)
    at process.processTicksAndRejections (node:internal/process/task_queues:95:5)
    at async CommandHandler.onevsoneCommand (/home/runner/workspace/commands/index.js:364:13)
    at async CommandHandler.handleCommand (/home/runner/workspace/commands/index.js:75:13)
2025-08-30 14:49:44 [ERROR]: Error: read ECONNRESET
    at TCP.onStreamRead (node:internal/stream_base_commons:218:20)
2025-08-30 14:56:04 [ERROR]: Error: Player null not found or not visible
    at TaskHandler.attackPlayer (/home/runner/workspace/bot/tasks.js:356:23)
    at BotCore.retaliateAgainst (/home/runner/workspace/bot/core.js:155:30)
    at Timeout._onTimeout (/home/runner/workspace/bot/core.js:133:22)
    at listOnTimeout (node:internal/timers:581:17)
    at process.processTimers (node:internal/timers:519:7)
2025-08-30 14:56:04 [ERROR]: Error: Player null not found or not visible
    at TaskHandler.attackPlayer (/home/runner/workspace/bot/tasks.js:356:23)
    at BotCore.retaliateAgainst (/home/runner/workspace/bot/core.js:155:30)
    at Timeout._onTimeout (/home/runner/workspace/bot/core.js:133:22)
    at listOnTimeout (node:internal/timers:581:17)
    at process.processTimers (node:internal/timers:519:7)
2025-08-30 14:56:05 [ERROR]: Error: Player null not found or not visible
    at TaskHandler.attackPlayer (/home/runner/workspace/bot/tasks.js:356:23)
    at BotCore.retaliateAgainst (/home/runner/workspace/bot/core.js:155:30)
    at Timeout._onTimeout (/home/runner/workspace/bot/core.js:133:22)
    at listOnTimeout (node:internal/timers:581:17)
    at process.processTimers (node:internal/timers:519:7)
2025-08-30 14:56:05 [ERROR]: Error: Player null not found or not visible
    at TaskHandler.attackPlayer (/home/runner/workspace/bot/tasks.js:356:23)
    at BotCore.retaliateAgainst (/home/runner/workspace/bot/core.js:155:30)
    at Timeout._onTimeout (/home/runner/workspace/bot/core.js:133:22)
    at listOnTimeout (node:internal/timers:581:17)
    at process.processTimers (node:internal/timers:519:7)
2025-08-30 14:56:07 [ERROR]: Error: Player null not found or not visible
    at TaskHandler.attackPlayer (/home/runner/workspace/bot/tasks.js:356:23)
    at BotCore.retaliateAgainst (/home/runner/workspace/bot/core.js:155:30)
    at Timeout._onTimeout (/home/runner/workspace/bot/core.js:133:22)
    at listOnTimeout (node:internal/timers:581:17)
    at process.processTimers (node:internal/timers:519:7)
2025-08-30 14:56:07 [ERROR]: Error: Player null not found or not visible
    at TaskHandler.attackPlayer (/home/runner/workspace/bot/tasks.js:356:23)
    at BotCore.retaliateAgainst (/home/runner/workspace/bot/core.js:155:30)
    at Timeout._onTimeout (/home/runner/workspace/bot/core.js:133:22)
    at listOnTimeout (node:internal/timers:581:17)
    at process.processTimers (node:internal/timers:519:7)
2025-08-30 14:56:08 [ERROR]: Error: Player null not found or not visible
    at TaskHandler.attackPlayer (/home/runner/workspace/bot/tasks.js:356:23)
    at BotCore.retaliateAgainst (/home/runner/workspace/bot/core.js:155:30)
    at Timeout._onTimeout (/home/runner/workspace/bot/core.js:133:22)
    at listOnTimeout (node:internal/timers:581:17)
    at process.processTimers (node:internal/timers:519:7)
2025-08-30 14:56:08 [ERROR]: Error: Player null not found or not visible
    at TaskHandler.attackPlayer (/home/runner/workspace/bot/tasks.js:356:23)
    at BotCore.retaliateAgainst (/home/runner/workspace/bot/core.js:155:30)
    at Timeout._onTimeout (/home/runner/workspace/bot/core.js:133:22)
    at listOnTimeout (node:internal/timers:581:17)
    at process.processTimers (node:internal/timers:519:7)
2025-08-30 14:56:09 [ERROR]: Error: Player null not found or not visible
    at TaskHandler.attackPlayer (/home/runner/workspace/bot/tasks.js:356:23)
    at BotCore.retaliateAgainst (/home/runner/workspace/bot/core.js:155:30)
    at Timeout._onTimeout (/home/runner/workspace/bot/core.js:133:22)
    at listOnTimeout (node:internal/timers:581:17)
    at process.processTimers (node:internal/timers:519:7)
2025-08-30 14:56:09 [ERROR]: Error: Player null not found or not visible
    at TaskHandler.attackPlayer (/home/runner/workspace/bot/tasks.js:356:23)
    at BotCore.retaliateAgainst (/home/runner/workspace/bot/core.js:155:30)
    at Timeout._onTimeout (/home/runner/workspace/bot/core.js:133:22)
    at listOnTimeout (node:internal/timers:581:17)
    at process.processTimers (node:internal/timers:519:7)
2025-08-30 14:56:10 [ERROR]: Error: Player null not found or not visible
    at TaskHandler.attackPlayer (/home/runner/workspace/bot/tasks.js:356:23)
    at BotCore.retaliateAgainst (/home/runner/workspace/bot/core.js:155:30)
    at Timeout._onTimeout (/home/runner/workspace/bot/core.js:133:22)
    at listOnTimeout (node:internal/timers:581:17)
    at process.processTimers (node:internal/timers:519:7)
2025-08-30 14:56:10 [ERROR]: Error: Player null not found or not visible
    at TaskHandler.attackPlayer (/home/runner/workspace/bot/tasks.js:356:23)
    at BotCore.retaliateAgainst (/home/runner/workspace/bot/core.js:155:30)
    at Timeout._onTimeout (/home/runner/workspace/bot/core.js:133:22)
    at listOnTimeout (node:internal/timers:581:17)
    at process.processTimers (node:internal/timers:519:7)
2025-08-30 14:56:11 [ERROR]: Error: Player null not found or not visible
    at TaskHandler.attackPlayer (/home/runner/workspace/bot/tasks.js:356:23)
    at BotCore.retaliateAgainst (/home/runner/workspace/bot/core.js:155:30)
    at Timeout._onTimeout (/home/runner/workspace/bot/core.js:133:22)
    at listOnTimeout (node:internal/timers:581:17)
    at process.processTimers (node:internal/timers:519:7)
2025-08-30 14:56:11 [ERROR]: Error: Player null not found or not visible
    at TaskHandler.attackPlayer (/home/runner/workspace/bot/tasks.js:356:23)
    at BotCore.retaliateAgainst (/home/runner/workspace/bot/core.js:155:30)
    at Timeout._onTimeout (/home/runner/workspace/bot/core.js:133:22)
    at listOnTimeout (node:internal/timers:581:17)
    at process.processTimers (node:internal/timers:519:7)
2025-08-30 14:56:12 [ERROR]: Error: Player null not found or not visible
    at TaskHandler.attackPlayer (/home/runner/workspace/bot/tasks.js:356:23)
    at BotCore.retaliateAgainst (/home/runner/workspace/bot/core.js:155:30)
    at Timeout._onTimeout (/home/runner/workspace/bot/core.js:133:22)
    at listOnTimeout (node:internal/timers:581:17)
    at process.processTimers (node:internal/timers:519:7)
2025-08-30 14:56:12 [ERROR]: Error: Player null not found or not visible
    at TaskHandler.attackPlayer (/home/runner/workspace/bot/tasks.js:356:23)
    at BotCore.retaliateAgainst (/home/runner/workspace/bot/core.js:155:30)
    at Timeout._onTimeout (/home/runner/workspace/bot/core.js:133:22)
    at listOnTimeout (node:internal/timers:581:17)
    at process.processTimers (node:internal/timers:519:7)
2025-08-30 14:56:13 [ERROR]: Error: Player null not found or not visible
    at TaskHandler.attackPlayer (/home/runner/workspace/bot/tasks.js:356:23)
    at BotCore.retaliateAgainst (/home/runner/workspace/bot/core.js:155:30)
    at Timeout._onTimeout (/home/runner/workspace/bot/core.js:133:22)
    at listOnTimeout (node:internal/timers:581:17)
    at process.processTimers (node:internal/timers:519:7)
2025-08-30 14:56:13 [ERROR]: Error: Player null not found or not visible
    at TaskHandler.attackPlayer (/home/runner/workspace/bot/tasks.js:356:23)
    at BotCore.retaliateAgainst (/home/runner/workspace/bot/core.js:155:30)
    at Timeout._onTimeout (/home/runner/workspace/bot/core.js:133:22)
    at listOnTimeout (node:internal/timers:581:17)
    at process.processTimers (node:internal/timers:519:7)
2025-08-30 14:56:14 [ERROR]: Error: Player null not found or not visible
    at TaskHandler.attackPlayer (/home/runner/workspace/bot/tasks.js:356:23)
    at BotCore.retaliateAgainst (/home/runner/workspace/bot/core.js:155:30)
    at Timeout._onTimeout (/home/runner/workspace/bot/core.js:133:22)
    at listOnTimeout (node:internal/timers:581:17)
    at process.processTimers (node:internal/timers:519:7)
2025-08-30 14:56:14 [ERROR]: Error: Player null not found or not visible
    at TaskHandler.attackPlayer (/home/runner/workspace/bot/tasks.js:356:23)
    at BotCore.retaliateAgainst (/home/runner/workspace/bot/core.js:155:30)
    at Timeout._onTimeout (/home/runner/workspace/bot/core.js:133:22)
    at listOnTimeout (node:internal/timers:581:17)
    at process.processTimers (node:internal/timers:519:7)
2025-08-30 14:59:10 [ERROR]: Error: write EPIPE
    at afterWriteDispatched (node:internal/stream_base_commons:161:15)
    at writeGeneric (node:internal/stream_base_commons:152:3)
    at Socket._writeGeneric (node:net:958:11)
    at Socket._write (node:net:970:8)
    at writeOrBuffer (node:internal/streams/writable:572:12)
    at _write (node:internal/streams/writable:501:10)
    at Writable.write (node:internal/streams/writable:510:10)
    at Framer.ondata (/home/runner/workspace/node_modules/readable-stream/lib/internal/streams/readable.js:707:22)
    at Framer.emit (node:events:524:28)
    at addChunk (/home/runner/workspace/node_modules/readable-stream/lib/internal/streams/readable.js:323:12)
2025-08-30 15:00:26 [ERROR]: Error: Player null not found or not visible
    at TaskHandler.attackPlayer (/home/runner/workspace/bot/tasks.js:356:23)
    at BotCore.retaliateAgainst (/home/runner/workspace/bot/core.js:158:30)
    at Timeout._onTimeout (/home/runner/workspace/bot/core.js:136:22)
    at listOnTimeout (node:internal/timers:581:17)
    at process.processTimers (node:internal/timers:519:7)
2025-08-30 15:00:26 [ERROR]: Error: Player null not found or not visible
    at TaskHandler.attackPlayer (/home/runner/workspace/bot/tasks.js:356:23)
    at BotCore.retaliateAgainst (/home/runner/workspace/bot/core.js:158:30)
    at Timeout._onTimeout (/home/runner/workspace/bot/core.js:136:22)
    at listOnTimeout (node:internal/timers:581:17)
    at process.processTimers (node:internal/timers:519:7)
2025-08-30 15:03:12 [ERROR]: Error: read ECONNRESET
    at TCP.onStreamRead (node:internal/stream_base_commons:218:20)
2025-08-30 15:20:00 [ERROR]: Error: Player null not found or not visible
    at TaskHandler.attackPlayer (/home/runner/workspace/bot/tasks.js:356:23)
    at BotCore.retaliateAgainst (/home/runner/workspace/bot/core.js:158:30)
    at Timeout._onTimeout (/home/runner/workspace/bot/core.js:136:22)
    at listOnTimeout (node:internal/timers:581:17)
    at process.processTimers (node:internal/timers:519:7)
2025-08-30 15:20:00 [ERROR]: Error: Player null not found or not visible
    at TaskHandler.attackPlayer (/home/runner/workspace/bot/tasks.js:356:23)
    at BotCore.retaliateAgainst (/home/runner/workspace/bot/core.js:158:30)
    at Timeout._onTimeout (/home/runner/workspace/bot/core.js:136:22)
    at listOnTimeout (node:internal/timers:581:17)
    at process.processTimers (node:internal/timers:519:7)
2025-08-30 15:20:10 [ERROR]: Error: Player null not found or not visible
    at TaskHandler.attackPlayer (/home/runner/workspace/bot/tasks.js:356:23)
    at BotCore.retaliateAgainst (/home/runner/workspace/bot/core.js:158:30)
    at Timeout._onTimeout (/home/runner/workspace/bot/core.js:136:22)
    at listOnTimeout (node:internal/timers:581:17)
    at process.processTimers (node:internal/timers:519:7)
2025-08-30 15:20:10 [ERROR]: Error: Player null not found or not visible
    at TaskHandler.attackPlayer (/home/runner/workspace/bot/tasks.js:356:23)
    at BotCore.retaliateAgainst (/home/runner/workspace/bot/core.js:158:30)
    at Timeout._onTimeout (/home/runner/workspace/bot/core.js:136:22)
    at listOnTimeout (node:internal/timers:581:17)
    at process.processTimers (node:internal/timers:519:7)
2025-08-30 15:26:44 [ERROR]: Error: read ECONNRESET
    at TCP.onStreamRead (node:internal/stream_base_commons:218:20)
2025-08-30 15:29:49 [ERROR]: Error: read ECONNRESET
    at TCP.onStreamRead (node:internal/stream_base_commons:218:20)
2025-08-30 15:38:12 [ERROR]: Error: read ECONNRESET
    at TCP.onStreamRead (node:internal/stream_base_commons:218:20)
2025-08-30 17:02:03 [ERROR]: Error: read ECONNRESET
    at TCP.onStreamRead (node:internal/stream_base_commons:218:20)
2025-08-30 17:02:08 [ERROR]: Error: read ECONNRESET
    at TCP.onStreamRead (node:internal/stream_base_commons:218:20)
2025-08-30 17:02:24 [ERROR]: Error: read ECONNRESET
    at TCP.onStreamRead (node:internal/stream_base_commons:218:20)
2025-08-30 17:16:44 [ERROR]: Error: read ECONNRESET
    at TCP.onStreamRead (node:internal/stream_base_commons:218:20)
2025-08-30 17:17:15 [ERROR]: Error: read ECONNRESET
    at TCP.onStreamRead (node:internal/stream_base_commons:218:20)
2025-08-30 17:17:35 [ERROR]: Error: read ECONNRESET
    at TCP.onStreamRead (node:internal/stream_base_commons:218:20)
2025-08-30 17:19:04 [ERROR]: Error: write EPIPE
    at afterWriteDispatched (node:internal/stream_base_commons:161:15)
    at writeGeneric (node:internal/stream_base_commons:152:3)
    at Socket._writeGeneric (node:net:958:11)
    at Socket._write (node:net:970:8)
    at writeOrBuffer (node:internal/streams/writable:572:12)
    at _write (node:internal/streams/writable:501:10)
    at Writable.write (node:internal/streams/writable:510:10)
    at Framer.ondata (/home/runner/workspace/node_modules/readable-stream/lib/internal/streams/readable.js:707:22)
    at Framer.emit (node:events:524:28)
    at addChunk (/home/runner/workspace/node_modules/readable-stream/lib/internal/streams/readable.js:323:12)
2025-08-30 17:19:16 [ERROR]: Error: read ECONNRESET
    at TCP.onStreamRead (node:internal/stream_base_commons:218:20)
2025-08-30 17:19:35 [ERROR]: Error: read ECONNRESET
    at TCP.onStreamRead (node:internal/stream_base_commons:218:20)
2025-08-30 17:20:00 [ERROR]: Error: read ECONNRESET
    at TCP.onStreamRead (node:internal/stream_base_commons:218:20)
2025-08-30 17:21:53 [ERROR]: Error: read ECONNRESET
    at TCP.onStreamRead (node:internal/stream_base_commons:218:20)
2025-08-30 17:23:23 [ERROR]: Error: read ECONNRESET
    at TCP.onStreamRead (node:internal/stream_base_commons:218:20)
2025-08-30 17:28:39 [ERROR]: Error: read ECONNRESET
    at TCP.onStreamRead (node:internal/stream_base_commons:218:20)
2025-08-30 17:28:44 [ERROR]: Error: read ECONNRESET
    at TCP.onStreamRead (node:internal/stream_base_commons:218:20)
2025-08-30 17:28:49 [ERROR]: Error: read ECONNRESET
    at TCP.onStreamRead (node:internal/stream_base_commons:218:20)
2025-08-30 17:28:54 [ERROR]: Error: read ECONNRESET
    at TCP.onStreamRead (node:internal/stream_base_commons:218:20)
2025-08-30 17:30:07 [ERROR]: Error: write EPIPE
    at afterWriteDispatched (node:internal/stream_base_commons:161:15)
    at writeGeneric (node:internal/stream_base_commons:152:3)
    at Socket._writeGeneric (node:net:958:11)
    at Socket._write (node:net:970:8)
    at writeOrBuffer (node:internal/streams/writable:572:12)
    at _write (node:internal/streams/writable:501:10)
    at Writable.write (node:internal/streams/writable:510:10)
    at Framer.ondata (/home/runner/workspace/node_modules/readable-stream/lib/internal/streams/readable.js:707:22)
    at Framer.emit (node:events:524:28)
    at addChunk (/home/runner/workspace/node_modules/readable-stream/lib/internal/streams/readable.js:323:12)
2025-08-30 17:33:20 [ERROR]: Error: read ECONNRESET
    at TCP.onStreamRead (node:internal/stream_base_commons:218:20)
2025-08-30 17:38:51 [ERROR]: Error: read ECONNRESET
    at TCP.onStreamRead (node:internal/stream_base_commons:218:20)
2025-08-30 17:39:22 [ERROR]: Error: read ECONNRESET
    at TCP.onStreamRead (node:internal/stream_base_commons:218:20)
2025-08-30 17:39:42 [ERROR]: Error: read ECONNRESET
    at TCP.onStreamRead (node:internal/stream_base_commons:218:20)
2025-08-30 17:44:22 [ERROR]: Error: read ECONNRESET
    at TCP.onStreamRead (node:internal/stream_base_commons:218:20)
2025-08-30 17:44:29 [ERROR]: Error: read ECONNRESET
    at TCP.onStreamRead (node:internal/stream_base_commons:218:20)
2025-08-30 17:56:51 [ERROR]: Bot error:
2025-08-30 17:57:09 [ERROR]: Bot error:
2025-08-30 18:03:12 [ERROR]: Bot error:
2025-08-30 18:03:59 [ERROR]: Bot error:
2025-08-30 18:04:34 [ERROR]: Bot error:
2025-08-30 18:05:00 [ERROR]: Bot error:
2025-08-30 18:05:39 [ERROR]: Bot error:
2025-08-30 18:11:29 [ERROR]: Bot error:
2025-08-30 18:17:46 [ERROR]: Bot error:
2025-08-30 18:18:04 [ERROR]: Bot error:
2025-08-30 18:32:58 [ERROR]: Bot error:
2025-08-30 18:34:17 [ERROR]: Bot error:
2025-08-30 18:39:19 [ERROR]: Bot error:
2025-08-30 18:45:38 [ERROR]: Bot error:
2025-08-30 18:49:42 [ERROR]: Bot error:
